<?xml version="1.0" encoding="UTF-8"?>
<!-- Generated by org.testng.reporters.JUnitXMLReporter -->
<testsuite ignored="0" hostname="DESKTOP-BQG3IKF" failures="0" tests="4" name="Test" time="14.383" errors="0" timestamp="2024-07-07T02:53:34 EDT">
  <testcase classname="com.test.LoginTest" name="verifyLoginTest" time="0.089"/>
  <testcase classname="com.test.LoginTest" name="verifyError" time="0.219"/>
  <testcase classname="com.test.HomeTest" name="verifyHeading" time="0.638"/>
  <testcase classname="com.test.HomeTest" name="verifyProduct" time="0.572"/>
</testsuite> <!-- Test -->
