<?xml version="1.0" encoding="UTF-8"?>
<!-- Generated by org.testng.reporters.JUnitXMLReporter -->
<testsuite ignored="0" hostname="DESKTOP-BQG3IKF" failures="0" tests="4" name="Test" time="12.118" errors="0" timestamp="2024-07-08T00:59:44 EDT">
  <testcase classname="com.test.LoginTest" name="verifyLoginTest" time="0.063"/>
  <testcase classname="com.test.LoginTest" name="verifyError" time="0.172"/>
  <testcase classname="com.test.HomeTest" name="verifyHeading" time="0.559"/>
  <testcase classname="com.test.HomeTest" name="verifyProduct" time="0.557"/>
</testsuite> <!-- Test -->
