<?xml version="1.0" encoding="UTF-8"?>
<testng-results ignored="0" total="4" passed="4" failed="0" skipped="0">
  <reporter-output>
  </reporter-output>
  <suite started-at="2024-07-07T02:53:20 EDT" name="Suite" finished-at="2024-07-07T02:53:34 EDT" duration-ms="14383">
    <groups>
    </groups>
    <test started-at="2024-07-07T02:53:20 EDT" name="Test" finished-at="2024-07-07T02:53:34 EDT" duration-ms="14383">
      <class name="com.test.HomeTest">
        <test-method is-config="true" signature="setUp()[pri:0, instance:com.test.HomeTest@15bb5034]" started-at="2024-07-07T02:53:28 EDT" name="setUp" finished-at="2024-07-07T02:53:30 EDT" duration-ms="2264" status="PASS">
          <reporter-output>
          </reporter-output>
        </test-method> <!-- setUp -->
        <test-method signature="verifyHeading()[pri:0, instance:com.test.HomeTest@15bb5034]" started-at="2024-07-07T02:53:30 EDT" name="verifyHeading" finished-at="2024-07-07T02:53:31 EDT" duration-ms="638" status="PASS">
          <reporter-output>
          </reporter-output>
        </test-method> <!-- verifyHeading -->
        <test-method is-config="true" signature="tearDown()[pri:0, instance:com.test.HomeTest@15bb5034]" started-at="2024-07-07T02:53:31 EDT" name="tearDown" finished-at="2024-07-07T02:53:31 EDT" duration-ms="171" status="PASS">
          <reporter-output>
          </reporter-output>
        </test-method> <!-- tearDown -->
        <test-method is-config="true" signature="setUp()[pri:0, instance:com.test.HomeTest@15bb5034]" started-at="2024-07-07T02:53:31 EDT" name="setUp" finished-at="2024-07-07T02:53:33 EDT" duration-ms="2038" status="PASS">
          <reporter-output>
          </reporter-output>
        </test-method> <!-- setUp -->
        <test-method signature="verifyProduct()[pri:1, instance:com.test.HomeTest@15bb5034]" started-at="2024-07-07T02:53:33 EDT" name="verifyProduct" finished-at="2024-07-07T02:53:33 EDT" duration-ms="572" status="PASS">
          <reporter-output>
          </reporter-output>
        </test-method> <!-- verifyProduct -->
        <test-method is-config="true" signature="tearDown()[pri:0, instance:com.test.HomeTest@15bb5034]" started-at="2024-07-07T02:53:33 EDT" name="tearDown" finished-at="2024-07-07T02:53:34 EDT" duration-ms="512" status="PASS">
          <reporter-output>
          </reporter-output>
        </test-method> <!-- tearDown -->
      </class> <!-- com.test.HomeTest -->
      <class name="com.test.LoginTest">
        <test-method is-config="true" signature="setUp()[pri:0, instance:com.test.LoginTest@7d0b7e3c]" started-at="2024-07-07T02:53:20 EDT" name="setUp" finished-at="2024-07-07T02:53:24 EDT" duration-ms="4859" status="PASS">
          <reporter-output>
          </reporter-output>
        </test-method> <!-- setUp -->
        <test-method signature="verifyLoginTest()[pri:0, instance:com.test.LoginTest@7d0b7e3c]" started-at="2024-07-07T02:53:24 EDT" name="verifyLoginTest" finished-at="2024-07-07T02:53:25 EDT" duration-ms="89" status="PASS">
          <reporter-output>
          </reporter-output>
        </test-method> <!-- verifyLoginTest -->
        <test-method is-config="true" signature="tearDown()[pri:0, instance:com.test.LoginTest@7d0b7e3c]" started-at="2024-07-07T02:53:25 EDT" name="tearDown" finished-at="2024-07-07T02:53:25 EDT" duration-ms="253" status="PASS">
          <reporter-output>
          </reporter-output>
        </test-method> <!-- tearDown -->
        <test-method is-config="true" signature="setUp()[pri:0, instance:com.test.LoginTest@7d0b7e3c]" started-at="2024-07-07T02:53:25 EDT" name="setUp" finished-at="2024-07-07T02:53:27 EDT" duration-ms="2476" status="PASS">
          <reporter-output>
          </reporter-output>
        </test-method> <!-- setUp -->
        <test-method signature="verifyError()[pri:1, instance:com.test.LoginTest@7d0b7e3c]" started-at="2024-07-07T02:53:27 EDT" name="verifyError" finished-at="2024-07-07T02:53:27 EDT" duration-ms="219" status="PASS">
          <reporter-output>
          </reporter-output>
        </test-method> <!-- verifyError -->
        <test-method is-config="true" signature="tearDown()[pri:0, instance:com.test.LoginTest@7d0b7e3c]" started-at="2024-07-07T02:53:27 EDT" name="tearDown" finished-at="2024-07-07T02:53:28 EDT" duration-ms="215" status="PASS">
          <reporter-output>
          </reporter-output>
        </test-method> <!-- tearDown -->
      </class> <!-- com.test.LoginTest -->
    </test> <!-- Test -->
  </suite> <!-- Suite -->
</testng-results>
