<?xml version="1.0" encoding="UTF-8"?>
<testng-results ignored="0" total="4" passed="4" failed="0" skipped="0">
  <reporter-output>
  </reporter-output>
  <suite started-at="2024-07-08T00:59:31 EDT" name="Suite" finished-at="2024-07-08T00:59:44 EDT" duration-ms="12118">
    <groups>
    </groups>
    <test started-at="2024-07-08T00:59:31 EDT" name="Test" finished-at="2024-07-08T00:59:44 EDT" duration-ms="12118">
      <class name="com.test.HomeTest">
        <test-method is-config="true" signature="setUp()[pri:0, instance:com.test.HomeTest@15bb5034]" started-at="2024-07-08T00:59:38 EDT" name="setUp" finished-at="2024-07-08T00:59:40 EDT" duration-ms="2093" status="PASS">
          <reporter-output>
          </reporter-output>
        </test-method> <!-- setUp -->
        <test-method signature="verifyHeading()[pri:0, instance:com.test.HomeTest@15bb5034]" started-at="2024-07-08T00:59:40 EDT" name="verifyHeading" finished-at="2024-07-08T00:59:40 EDT" duration-ms="559" status="PASS">
          <reporter-output>
          </reporter-output>
        </test-method> <!-- verifyHeading -->
        <test-method is-config="true" signature="tearDown()[pri:0, instance:com.test.HomeTest@15bb5034]" started-at="2024-07-08T00:59:40 EDT" name="tearDown" finished-at="2024-07-08T00:59:41 EDT" duration-ms="128" status="PASS">
          <reporter-output>
          </reporter-output>
        </test-method> <!-- tearDown -->
        <test-method is-config="true" signature="setUp()[pri:0, instance:com.test.HomeTest@15bb5034]" started-at="2024-07-08T00:59:41 EDT" name="setUp" finished-at="2024-07-08T00:59:43 EDT" duration-ms="2260" status="PASS">
          <reporter-output>
          </reporter-output>
        </test-method> <!-- setUp -->
        <test-method signature="verifyProduct()[pri:1, instance:com.test.HomeTest@15bb5034]" started-at="2024-07-08T00:59:43 EDT" name="verifyProduct" finished-at="2024-07-08T00:59:43 EDT" duration-ms="557" status="PASS">
          <reporter-output>
          </reporter-output>
        </test-method> <!-- verifyProduct -->
        <test-method is-config="true" signature="tearDown()[pri:0, instance:com.test.HomeTest@15bb5034]" started-at="2024-07-08T00:59:43 EDT" name="tearDown" finished-at="2024-07-08T00:59:44 EDT" duration-ms="193" status="PASS">
          <reporter-output>
          </reporter-output>
        </test-method> <!-- tearDown -->
      </class> <!-- com.test.HomeTest -->
      <class name="com.test.LoginTest">
        <test-method is-config="true" signature="setUp()[pri:0, instance:com.test.LoginTest@7d0b7e3c]" started-at="2024-07-08T00:59:32 EDT" name="setUp" finished-at="2024-07-08T00:59:35 EDT" duration-ms="3404" status="PASS">
          <reporter-output>
          </reporter-output>
        </test-method> <!-- setUp -->
        <test-method signature="verifyLoginTest()[pri:0, instance:com.test.LoginTest@7d0b7e3c]" started-at="2024-07-08T00:59:35 EDT" name="verifyLoginTest" finished-at="2024-07-08T00:59:35 EDT" duration-ms="63" status="PASS">
          <reporter-output>
          </reporter-output>
        </test-method> <!-- verifyLoginTest -->
        <test-method is-config="true" signature="tearDown()[pri:0, instance:com.test.LoginTest@7d0b7e3c]" started-at="2024-07-08T00:59:35 EDT" name="tearDown" finished-at="2024-07-08T00:59:35 EDT" duration-ms="142" status="PASS">
          <reporter-output>
          </reporter-output>
        </test-method> <!-- tearDown -->
        <test-method is-config="true" signature="setUp()[pri:0, instance:com.test.LoginTest@7d0b7e3c]" started-at="2024-07-08T00:59:35 EDT" name="setUp" finished-at="2024-07-08T00:59:37 EDT" duration-ms="2312" status="PASS">
          <reporter-output>
          </reporter-output>
        </test-method> <!-- setUp -->
        <test-method signature="verifyError()[pri:1, instance:com.test.LoginTest@7d0b7e3c]" started-at="2024-07-08T00:59:37 EDT" name="verifyError" finished-at="2024-07-08T00:59:38 EDT" duration-ms="172" status="PASS">
          <reporter-output>
          </reporter-output>
        </test-method> <!-- verifyError -->
        <test-method is-config="true" signature="tearDown()[pri:0, instance:com.test.LoginTest@7d0b7e3c]" started-at="2024-07-08T00:59:38 EDT" name="tearDown" finished-at="2024-07-08T00:59:38 EDT" duration-ms="147" status="PASS">
          <reporter-output>
          </reporter-output>
        </test-method> <!-- tearDown -->
      </class> <!-- com.test.LoginTest -->
    </test> <!-- Test -->
  </suite> <!-- Suite -->
</testng-results>
